#
# A fatal error has been detected by the Java Runtime Environment:
#
#  EXCEPTION_ACCESS_VIOLATION (0xc0000005) at pc=0x00000000731e7b25, pid=9300, tid=10432
#
# JRE version: 6.0_17-b04
# Java VM: Java HotSpot(TM) 64-Bit Server VM (14.3-b01 mixed mode windows-amd64 )
# Problematic frame:
# C  0x00000000731e7b25
#
# If you would like to submit a bug report, please visit:
#   http://java.sun.com/webapps/bugreport/crash.jsp
# The crash happened outside the Java Virtual Machine in native code.
# See problematic frame for where to report the bug.
#

---------------  T H R E A D  ---------------

Current thread (0x0000000071b19800):  JavaThread "AWT-Windows" daemon [_thread_in_native, id=10432, stack(0x000000000fdc0000,0x000000000fe40000)]

siginfo: ExceptionCode=0xc0000005, reading address 0x0000000400000009

Registers:
EAX=0x0000000400000001, EBX=0x0000000000000000, ECX=0x000000005f001520, EDX=0x00000000732594f0
ESP=0x000000000fe3e5b0, EBP=0x000000000000a220, ESI=0x0000000071dc42b0, EDI=0x0000000073150000
EIP=0x00000000731e7b25, EFLAGS=0x0000000000010202

Top of Stack: (sp=0x000000000fe3e5b0)
0x000000000fe3e5b0:   0000000071b19800 0000000000000000
0x000000000fe3e5c0:   0000000000000000 0000000073150000
0x000000000fe3e5d0:   0000000071b199b8 00000000731ecf87
0x000000000fe3e5e0:   000007fef76f97ac 0000000071b199b8
0x000000000fe3e5f0:   0000000071dc42b0 0000000000000111
0x000000000fe3e600:   0000000000000001 000007fee8d57dc6
0x000000000fe3e610:   000007f74e02c000 000007fee8d581a3
0x000000000fe3e620:   0000000000000000 000007fefaff53aa
0x000000000fe3e630:   00000000022b00ac fffffffffffffffe
0x000000000fe3e640:   0000000071b199b8 0000000000000000
0x000000000fe3e650:   00000000731df2d0 00000000022b00ac
0x000000000fe3e660:   0000000000000111 0000000000000111
0x000000000fe3e670:   000000000000a220 0000000000000000
0x000000000fe3e680:   0000000071dc42b0 0000000073225b67
0x000000000fe3e690:   0000000000000000 0000000073235b9b
0x000000000fe3e6a0:   0000000071b199b8 0000000000000000 

Instructions: (pc=0x00000000731e7b25)
0x00000000731e7b15:   e8 86 8d 03 00 48 85 c0 48 8b c8 74 06 48 8b 00
0x00000000731e7b25:   ff 50 08 b8 02 00 00 00 48 83 c4 20 5b c3 49 8b 


Stack: [0x000000000fdc0000,0x000000000fe40000],  sp=0x000000000fe3e5b0,  free space=505k
Native frames: (J=compiled Java code, j=interpreted, Vv=VM code, C=native code)
C  0x00000000731e7b25

[error occurred during error reporting (printing native stack), id 0xc0000005]

Java frames: (J=compiled Java code, j=interpreted, Vv=VM code)
j  sun.awt.windows.WToolkit.eventLoop()V+0
j  sun.awt.windows.WToolkit.run()V+69
j  java.lang.Thread.run()V+11
v  ~StubRoutines::call_stub

---------------  P R O C E S S  ---------------

Java Threads: ( => current thread )
  0x0000000076d3f800 JavaThread "Swing-Shell" daemon [_thread_blocked, id=8612, stack(0x000000001fef0000,0x000000001ff70000)]
  0x0000000076d49000 JavaThread "Code Analyzer updating thread" [_thread_blocked, id=3412, stack(0x0000000009640000,0x00000000096c0000)]
  0x0000000076d48800 JavaThread "Prefs Updater" daemon [_thread_blocked, id=8244, stack(0x0000000009540000,0x00000000095c0000)]
  0x0000000076d49800 JavaThread "Active Reference Queue Daemon" daemon [_thread_blocked, id=7128, stack(0x000000005fbb0000,0x000000005fc30000)]
  0x0000000076d3e000 JavaThread "Timer-4" daemon [_thread_blocked, id=4268, stack(0x000000005fb30000,0x000000005fbb0000)]
  0x0000000071f3d800 JavaThread "Timer-3" daemon [_thread_blocked, id=11220, stack(0x000000005fab0000,0x000000005fb30000)]
  0x0000000071f3c800 JavaThread "Explorer NavigationContext request queue" [_thread_blocked, id=11124, stack(0x000000005fa30000,0x000000005fab0000)]
  0x0000000071f3a000 JavaThread "AddressBar directory emptiness poller" [_thread_blocked, id=6056, stack(0x000000005f8b0000,0x000000005f930000)]
  0x0000000071f3b000 JavaThread "Explorer Refresh Service 1080886960" [_thread_blocked, id=1724, stack(0x000000005f810000,0x000000005f890000)]
  0x0000000071f3e000 JavaThread "Timer-1" daemon [_thread_blocked, id=10956, stack(0x000000005ece0000,0x000000005ed60000)]
  0x0000000071f38800 JavaThread "TimerQueue" daemon [_thread_blocked, id=3820, stack(0x000000005e750000,0x000000005e7d0000)]
  0x0000000071f39000 JavaThread "Thread-5" daemon [_thread_blocked, id=1740, stack(0x000000005c350000,0x000000005c3d0000)]
  0x0000000071f37800 JavaThread "FelixPackageAdmin" daemon [_thread_blocked, id=8940, stack(0x000000005e6d0000,0x000000005e750000)]
  0x0000000071dc6800 JavaThread "FelixStartLevel" daemon [_thread_blocked, id=3780, stack(0x000000005e650000,0x000000005e6d0000)]
  0x0000000071d39000 JavaThread "FelixDispatchQueue" daemon [_thread_blocked, id=388, stack(0x000000005c3d0000,0x000000005c450000)]
  0x0000000071bfa800 JavaThread "AWT-EventQueue-0" [_thread_blocked, id=8848, stack(0x000000000ff50000,0x000000000ffd0000)]
  0x0000000071ce8800 JavaThread "com.google.common.base.internal.Finalizer" daemon [_thread_blocked, id=5568, stack(0x000000000fed0000,0x000000000ff50000)]
=>0x0000000071b19800 JavaThread "AWT-Windows" daemon [_thread_in_native, id=10432, stack(0x000000000fdc0000,0x000000000fe40000)]
  0x000000000fc2a000 JavaThread "AWT-Shutdown" [_thread_blocked, id=8088, stack(0x000000000fd40000,0x000000000fdc0000)]
  0x0000000071b0f000 JavaThread "Java2D Disposer" daemon [_thread_blocked, id=9980, stack(0x000000000fcc0000,0x000000000fd40000)]
  0x00000000717fe800 JavaThread "Timer-0" [_thread_blocked, id=7180, stack(0x000000000fc30000,0x000000000fcb0000)]
  0x000000007185c800 JavaThread "EventMgr Dispatcher" daemon [_thread_in_native, id=7692, stack(0x0000000009940000,0x000000000d940000)]
  0x000000000f184800 JavaThread "Low Memory Detector" daemon [_thread_blocked, id=10740, stack(0x000000000f3b0000,0x000000000f430000)]
  0x000000000f178800 JavaThread "CompilerThread1" daemon [_thread_blocked, id=11020, stack(0x0000000088000000,0x000000008c000000)]
  0x000000000f177800 JavaThread "CompilerThread0" daemon [_thread_in_native, id=5680, stack(0x0000000084000000,0x0000000088000000)]
  0x000000000f176800 JavaThread "Attach Listener" daemon [_thread_blocked, id=10796, stack(0x000000000f330000,0x000000000f3b0000)]
  0x000000000f145800 JavaThread "Finalizer" daemon [_thread_blocked, id=7700, stack(0x000000000f240000,0x000000000f2c0000)]
  0x000000000f145000 JavaThread "Reference Handler" daemon [_thread_blocked, id=7844, stack(0x0000000008990000,0x0000000008a10000)]
  0x000000000edde800 JavaThread "main" [_thread_in_native, id=7348, stack(0x0000000000d10000,0x0000000004d10000)]

Other Threads:
  0x000000000eebd800 VMThread [stack: 0x0000000080000000,0x0000000084000000] [id=6268]
  0x000000000f1a6000 WatcherThread [stack: 0x000000008c000000,0x0000000090000000] [id=11132]

VM state:not at safepoint (normal execution)

VM Mutex/Monitor currently owned by a thread: None

Heap
 PSYoungGen      total 18176K, used 3846K [0x000000004d150000, 0x000000004e6f0000, 0x0000000050250000)
  eden space 14976K, 25% used [0x000000004d150000,0x000000004d511918,0x000000004dff0000)
  from space 3200K, 0% used [0x000000004e3d0000,0x000000004e3d0000,0x000000004e6f0000)
  to   space 3584K, 0% used [0x000000004dff0000,0x000000004dff0000,0x000000004e370000)
 PSOldGen        total 120704K, used 74698K [0x0000000043e50000, 0x000000004b430000, 0x000000004d150000)
  object space 120704K, 61% used [0x0000000043e50000,0x0000000048742b10,0x000000004b430000)
 PSPermGen       total 102080K, used 61383K [0x000000003be50000, 0x0000000042200000, 0x0000000043e50000)
  object space 102080K, 60% used [0x000000003be50000,0x000000003fa41fb0,0x0000000042200000)

Dynamic libraries:
0x000007f74ed80000 - 0x000007f74edad000 	C:\Program Files\MATLAB\R2012b\bin\win64\MATLAB.exe
0x000007fefaff0000 - 0x000007fefb1ae000 	C:\Windows\SYSTEM32\ntdll.dll
0x000007fef93f0000 - 0x000007fef9526000 	C:\Windows\system32\KERNEL32.DLL
0x000007fef75d0000 - 0x000007fef76c3000 	C:\Windows\system32\KERNELBASE.dll
0x0000000074460000 - 0x000000007451f000 	C:\Program Files\MATLAB\R2012b\bin\win64\libut.dll
0x0000000180000000 - 0x00000001802dc000 	C:\Program Files\MATLAB\R2012b\bin\win64\libmwservices.dll
0x0000000074970000 - 0x0000000074a31000 	C:\Program Files\MATLAB\R2012b\bin\win64\mcr.dll
0x0000000060720000 - 0x00000000607f3000 	C:\Windows\WinSxS\amd64_microsoft.vc90.crt_1fc8b3b9a1e18e3b_9.0.30729.6871_none_08e717a5a83adddf\MSVCP90.dll
0x0000000061640000 - 0x00000000616e3000 	C:\Windows\WinSxS\amd64_microsoft.vc90.crt_1fc8b3b9a1e18e3b_9.0.30729.6871_none_08e717a5a83adddf\MSVCR90.dll
0x00000000758a0000 - 0x000000007595c000 	C:\Program Files\MATLAB\R2012b\bin\win64\libmwi18n.dll
0x0000000073f70000 - 0x000000007411d000 	C:\Program Files\MATLAB\R2012b\bin\win64\libmwfl.dll
0x000000007a3b0000 - 0x000000007a3c0000 	C:\Program Files\MATLAB\R2012b\bin\win64\boost_date_time-vc90-mt-1_44.dll
0x000000007a560000 - 0x000000007a569000 	C:\Program Files\MATLAB\R2012b\bin\win64\boost_system-vc90-mt-1_44.dll
0x000000007a2d0000 - 0x000000007a2e2000 	C:\Program Files\MATLAB\R2012b\bin\win64\boost_thread-vc90-mt-1_44.dll
0x0000000004f90000 - 0x000000000504d000 	C:\Program Files\MATLAB\R2012b\bin\win64\boost_log-vc90-mt-1_44.dll
0x000000005e4d0000 - 0x000000005e641000 	C:\Program Files\MATLAB\R2012b\bin\win64\icuuc44.dll
0x000000005ecc0000 - 0x000000005ecd3000 	C:\Program Files\MATLAB\R2012b\bin\win64\icuio44.dll
0x0000000004d40000 - 0x0000000004d86000 	C:\Program Files\MATLAB\R2012b\bin\win64\tbb.dll
0x000007fef9f60000 - 0x000007fef9f67000 	C:\Windows\system32\PSAPI.DLL
0x000007fef2e00000 - 0x000007fef2f63000 	C:\Windows\SYSTEM32\dbghelp.dll
0x000007fef7a50000 - 0x000007fef7b2e000 	C:\Windows\system32\ADVAPI32.dll
0x000007fef9700000 - 0x000007fef984c000 	C:\Windows\system32\USER32.dll
0x0000000075a20000 - 0x0000000075af3000 	C:\Program Files\MATLAB\R2012b\bin\win64\libmx.dll
0x0000000005050000 - 0x000000000509d000 	C:\Program Files\MATLAB\R2012b\bin\win64\libmwregexp.dll
0x00000000050a0000 - 0x00000000050c3000 	C:\Program Files\MATLAB\R2012b\bin\win64\libmwmfl_scalar.dll
0x0000000075f10000 - 0x0000000075f60000 	C:\Program Files\MATLAB\R2012b\bin\win64\mpath.dll
0x000000007b680000 - 0x000000007bc9a000 	C:\Program Files\MATLAB\R2012b\bin\win64\mlutil.dll
0x00000000050d0000 - 0x0000000005486000 	C:\Program Files\MATLAB\R2012b\bin\win64\libmwMATLAB_res.dll
0x0000000005490000 - 0x00000000054b0000 	C:\Program Files\MATLAB\R2012b\bin\win64\libmwMATLAB_settings_res.dll
0x000000007a170000 - 0x000000007a19c000 	C:\Program Files\MATLAB\R2012b\bin\win64\boost_filesystem-vc90-mt-1_44.dll
0x00000000054b0000 - 0x00000000054f7000 	C:\Program Files\MATLAB\R2012b\bin\win64\boost_serialization-vc90-mt-1_44.dll
0x000007fef76d0000 - 0x000007fef7774000 	C:\Windows\WinSxS\amd64_microsoft.windows.common-controls_6595b64144ccf1df_5.82.9200.16384_none_7762d5fd3178b04e\COMCTL32.dll
0x000007fef9eb0000 - 0x000007fef9f51000 	C:\Windows\system32\COMDLG32.dll
0x000007fef5b50000 - 0x000007fef5b65000 	C:\Windows\SYSTEM32\NETAPI32.dll
0x000007fef9390000 - 0x000007fef93e8000 	C:\Windows\system32\WS2_32.dll
0x0000000005500000 - 0x0000000005753000 	C:\Program Files\MATLAB\R2012b\bin\win64\xerces-c_2_7.dll
0x000007fef7d60000 - 0x000007fef9048000 	C:\Windows\system32\SHELL32.dll
0x000007fef9580000 - 0x000007fef96fe000 	C:\Windows\system32\ole32.dll
0x000007fefa1a0000 - 0x000007fefa263000 	C:\Windows\system32\OLEAUT32.dll
0x0000000075000000 - 0x00000000753e9000 	C:\Program Files\MATLAB\R2012b\bin\win64\iqm.dll
0x0000000079fb0000 - 0x0000000079fe6000 	C:\Program Files\MATLAB\R2012b\bin\win64\libmwbridge.dll
0x000000005ec90000 - 0x000000005ecb7000 	C:\Program Files\MATLAB\R2012b\bin\win64\libmex.dll
0x0000000074e80000 - 0x0000000074f38000 	C:\Program Files\MATLAB\R2012b\bin\win64\m_dispatcher.dll
0x000007fee6970000 - 0x000007fee6c06000 	C:\Program Files\MATLAB\R2012b\bin\win64\mcos.dll
0x000000005e370000 - 0x000000005e4c2000 	C:\Program Files\MATLAB\R2012b\bin\win64\libmwgui.dll
0x000000005d910000 - 0x000000005e36f000 	C:\Program Files\MATLAB\R2012b\bin\win64\hg.dll
0x000000005d7f0000 - 0x000000005d90f000 	C:\Program Files\MATLAB\R2012b\bin\win64\hgutils.dll
0x000007fed7800000 - 0x000007fed8071000 	C:\Program Files\MATLAB\R2012b\bin\win64\m_interpreter.dll
0x0000000075710000 - 0x00000000757de000 	C:\Program Files\MATLAB\R2012b\bin\win64\jmi.dll
0x000000005ebd0000 - 0x000000005ec90000 	C:\Program Files\MATLAB\R2012b\bin\win64\udd_mi.dll
0x0000000005770000 - 0x0000000005a41000 	C:\Program Files\MATLAB\R2012b\bin\win64\uiw.dll
0x000000005d7c0000 - 0x000000005d7e2000 	C:\Program Files\MATLAB\R2012b\bin\win64\mwoles05.DLL
0x000000005d740000 - 0x000000005d7bd000 	C:\Program Files\MATLAB\R2012b\bin\win64\comcli.dll
0x000000005ebc0000 - 0x000000005ebcc000 	C:\Program Files\MATLAB\R2012b\bin\win64\mlautoregister.dll
0x0000000005a50000 - 0x0000000005a60000 	C:\Program Files\MATLAB\R2012b\bin\win64\boost_iostreams-vc90-mt-1_44.dll
0x000007fef9a10000 - 0x000007fef9b50000 	C:\Windows\system32\GDI32.dll
0x0000000005a70000 - 0x0000000005a7b000 	C:\Program Files\MATLAB\R2012b\bin\win64\libmwresource_core.dll
0x000000007a010000 - 0x000000007a035000 	C:\Program Files\MATLAB\R2012b\bin\win64\LIBEXPAT.dll
0x000000005d540000 - 0x000000005d731000 	C:\Program Files\MATLAB\R2012b\bin\win64\icuin44.dll
0x000000007a250000 - 0x000000007a263000 	C:\Program Files\MATLAB\R2012b\bin\win64\boost_signals-vc90-mt-1_44.dll
0x000007fef7a30000 - 0x000007fef7a44000 	C:\Windows\system32\imagehlp.dll
0x0000000010000000 - 0x0000000010e41000 	C:\Program Files\MATLAB\R2012b\bin\win64\icudt44.dll
0x000007fef9c60000 - 0x000007fef9d05000 	C:\Windows\system32\msvcrt.dll
0x000007fef7d00000 - 0x000007fef7d48000 	C:\Windows\SYSTEM32\sechost.dll
0x000007fef9050000 - 0x000007fef9190000 	C:\Windows\system32\RPCRT4.dll
0x0000000005b10000 - 0x0000000005b39000 	C:\Program Files\MATLAB\R2012b\bin\win64\tbbmalloc.dll
0x000000007a210000 - 0x000000007a228000 	C:\Program Files\MATLAB\R2012b\bin\win64\zlib1.dll
0x00000000754d0000 - 0x0000000075551000 	C:\Program Files\MATLAB\R2012b\bin\win64\xmlcore.dll
0x000007fef9190000 - 0x000007fef91e0000 	C:\Windows\system32\SHLWAPI.dll
0x000007fef6850000 - 0x000007fef685e000 	C:\Windows\SYSTEM32\netutils.dll
0x000007fef6e80000 - 0x000007fef6ea4000 	C:\Windows\SYSTEM32\srvcli.dll
0x000007fef5b10000 - 0x000007fef5b25000 	C:\Windows\SYSTEM32\wkscli.dll
0x000007fef9530000 - 0x000007fef9539000 	C:\Windows\system32\NSI.dll
0x000007fef91e0000 - 0x000007fef9390000 	C:\Windows\SYSTEM32\combase.dll
0x000000005d470000 - 0x000000005d538000 	C:\Program Files\MATLAB\R2012b\bin\win64\udd.dll
0x0000000074880000 - 0x000000007496d000 	C:\Program Files\MATLAB\R2012b\bin\win64\boost_regex-vc90-mt-1_44.dll
0x000000005d450000 - 0x000000005d467000 	C:\Program Files\MATLAB\R2012b\bin\win64\graphics_util.dll
0x0000000076100000 - 0x0000000076168000 	C:\Program Files\MATLAB\R2012b\bin\win64\libmat.dll
0x000000005d400000 - 0x000000005d446000 	C:\Program Files\MATLAB\R2012b\bin\win64\libmwhardcopy.dll
0x000000005d390000 - 0x000000005d3f3000 	C:\Program Files\MATLAB\R2012b\bin\win64\libuij.dll
0x000000005d120000 - 0x000000005d384000 	C:\Program Files\MATLAB\R2012b\bin\win64\hgdatatypes.dll
0x0000000005c40000 - 0x0000000005cc5000 	C:\Program Files\MATLAB\R2012b\bin\win64\libmwlapack.dll
0x0000000005cd0000 - 0x0000000005d0b000 	C:\Program Files\MATLAB\R2012b\bin\win64\libmwgbtutils.dll
0x0000000005d10000 - 0x0000000005d2b000 	C:\Program Files\MATLAB\R2012b\bin\win64\libmwgbt.dll
0x000000005cc30000 - 0x000000005d114000 	C:\Windows\WinSxS\amd64_microsoft.vc90.mfc_1fc8b3b9a1e18e3b_9.0.30729.6161_none_044aad0bab1eb146\mfc90.dll
0x000007feef9e0000 - 0x000007feefa5d000 	C:\Windows\SYSTEM32\WINSPOOL.DRV
0x000000005cba0000 - 0x000000005cc24000 	C:\Program Files\MATLAB\R2012b\bin\win64\profiler.dll
0x0000000005d50000 - 0x0000000005fba000 	C:\Program Files\MATLAB\R2012b\bin\win64\libmwmathutil.dll
0x0000000079f40000 - 0x0000000079f6e000 	C:\Program Files\MATLAB\R2012b\bin\win64\libmwmathrng.dll
0x000000005cb70000 - 0x000000005cb91000 	C:\Program Files\MATLAB\R2012b\bin\win64\m_pcodeio.dll
0x0000000079b10000 - 0x0000000079b77000 	C:\Program Files\MATLAB\R2012b\bin\win64\m_ir.dll
0x000000005c500000 - 0x000000005cb70000 	C:\Program Files\MATLAB\R2012b\bin\win64\m_parser.dll
0x000000005c4c0000 - 0x000000005c4f1000 	C:\Program Files\MATLAB\R2012b\bin\win64\m_pcodegen.dll
0x0000000005fc0000 - 0x000000000602a000 	C:\Program Files\MATLAB\R2012b\bin\win64\libmwspmatrix.dll
0x0000000006040000 - 0x000000000604d000 	C:\Program Files\MATLAB\R2012b\bin\win64\nativejava_services.dll
0x000000005c4b0000 - 0x000000005c4bf000 	C:\Program Files\MATLAB\R2012b\bin\win64\uinone.dll
0x0000000006070000 - 0x0000000006099000 	C:\Program Files\MATLAB\R2012b\bin\win64\libmwnativefiledialogs.dll
0x000007fef1780000 - 0x000007fef1797000 	C:\Windows\SYSTEM32\MPR.dll
0x0000000060610000 - 0x000000006063f000 	C:\Windows\WinSxS\amd64_microsoft.vc90.atl_1fc8b3b9a1e18e3b_9.0.30729.6161_none_0a1fd3a3a768b895\ATL90.DLL
0x0000000072d30000 - 0x0000000072f44000 	C:\Program Files\MATLAB\R2012b\bin\win64\hdf5dll.dll
0x000000007a310000 - 0x000000007a321000 	C:\Program Files\MATLAB\R2012b\bin\win64\libmwbinder.dll
0x000000007a4d0000 - 0x000000007a4dc000 	C:\Program Files\MATLAB\R2012b\bin\win64\libmwompwrapper.dll
0x000007fef3690000 - 0x000007fef3697000 	C:\Windows\SYSTEM32\MSIMG32.dll
0x0000000006220000 - 0x0000000006232000 	C:\Program Files\MATLAB\R2012b\bin\win64\libmwmfl_rng.dll
0x0000000074c10000 - 0x0000000074cee000 	C:\Program Files\MATLAB\R2012b\bin\win64\libmwmathcore.dll
0x000000005c490000 - 0x000000005c4aa000 	C:\Program Files\MATLAB\R2012b\bin\win64\ir_xfmr.dll
0x000000005c470000 - 0x000000005c481000 	C:\Program Files\MATLAB\R2012b\bin\win64\mtok.dll
0x00000000062c0000 - 0x00000000062c8000 	C:\Program Files\MATLAB\R2012b\bin\win64\libmwplatform_res.dll
0x000007fef6480000 - 0x000007fef6516000 	C:\Windows\SYSTEM32\SHCORE.DLL
0x0000000075ea0000 - 0x0000000075f02000 	C:\Program Files\MATLAB\R2012b\bin\win64\libmwcholmod.dll
0x000000007a460000 - 0x000000007a46d000 	C:\Program Files\MATLAB\R2012b\bin\win64\libmwamd.dll
0x000000007a4b0000 - 0x000000007a4bc000 	C:\Program Files\MATLAB\R2012b\bin\win64\libmwcolamd.dll
0x000000007a290000 - 0x000000007a2a9000 	C:\Program Files\MATLAB\R2012b\bin\win64\libmwblas.dll
0x000007fef9540000 - 0x000007fef9579000 	C:\Windows\system32\IMM32.DLL
0x000007fefa270000 - 0x000007fefa385000 	C:\Windows\system32\MSCTF.dll
0x000007fef6010000 - 0x000007fef60f3000 	C:\Windows\system32\UxTheme.dll
0x000007fef52e0000 - 0x000007fef5301000 	C:\Windows\system32\dwmapi.dll
0x000000005ef80000 - 0x000000005ef8f000 	C:\Windows\WinSxS\amd64_microsoft.vc90.mfcloc_1fc8b3b9a1e18e3b_9.0.30729.6161_none_01c9581e60cbee58\MFC90ITA.DLL
0x000007fef72c0000 - 0x000007fef72d5000 	C:\Windows\SYSTEM32\profapi.dll
0x00000000081c0000 - 0x00000000081cf000 	C:\Program Files\MATLAB\R2012b\bin\win64\xmlxrcsc.dll
0x000007fef7100000 - 0x000007fef710a000 	C:\Windows\SYSTEM32\CRYPTBASE.dll
0x000007fef70a0000 - 0x000007fef70fc000 	C:\Windows\SYSTEM32\bcryptPrimitives.dll
0x000007fee8d50000 - 0x000007fee8d6f000 	C:\Program Files (x86)\TeamViewer\Version8\tv_x64.dll
0x000007fef2930000 - 0x000007fef2939000 	C:\Windows\SYSTEM32\VERSION.dll
0x000007fef7b30000 - 0x000007fef7d00000 	C:\Windows\system32\SETUPAPI.dll
0x000007fef77b0000 - 0x000007fef77ff000 	C:\Windows\system32\CFGMGR32.dll
0x000007fef7780000 - 0x000007fef77a2000 	C:\Windows\system32\DEVOBJ.dll
0x000007fef9bc0000 - 0x000007fef9c56000 	C:\Windows\SYSTEM32\clbcatq.dll

VM Arguments:
jvm_args: -Xss512k -XX:PermSize=32m -Xms64m -XX:NewRatio=3 -XX:MaxPermSize=128m -Xmx196m -XX:MaxDirectMemorySize=2147400000 -Dsun.java2d.noddraw=true -Dsun.awt.nopixfmt=true -Xshare:off -Xrs -Dsun.awt.disableMixing=true -Djava.library.path=C:\Program Files\MATLAB\R2012b\bin\win64;C:\Program Files\MATLAB\R2012b\sys\jxbrowser\win64\lib vfprintf abort 
java_command: <unknown>
Launcher Type: generic

Environment Variables:
PATH=C:\Program Files (x86)\NVIDIA Corporation\PhysX\Common;C:\Program Files (x86)\Intel\iCLS Client\;C:\Program Files\Intel\iCLS Client\;C:\Windows\system32;C:\Windows;C:\Windows\System32\Wbem;C:\Windows\System32\WindowsPowerShell\v1.0\;C:\Program Files\Intel\Intel(R) Management Engine Components\DAL;C:\Program Files\Intel\Intel(R) Management Engine Components\IPT;C:\Program Files (x86)\Intel\Intel(R) Management Engine Components\DAL;C:\Program Files (x86)\Intel\Intel(R) Management Engine Components\IPT;C:\Program Files (x86)\Intel\OpenCL SDK\2.0\bin\x86;C:\Program Files (x86)\Intel\OpenCL SDK\2.0\bin\x64;C:\Program Files\MATLAB\R2012b\runtime\win64;C:\Program Files\MATLAB\R2012b\bin;C:\Program Files (x86)\MATLAB\R2011b\runtime\win32;C:\Program Files (x86)\MATLAB\R2011b\bin;C:\Program Files\MATLAB\R2011b\runtime\win64;C:\Program Files\MATLAB\R2011b\bin;C:\Program Files (x86)\MiKTeX 2.9\miktex\bin\
USERNAME=Cristina
OS=Windows_NT
PROCESSOR_IDENTIFIER=Intel64 Family 6 Model 58 Stepping 9, GenuineIntel



---------------  S Y S T E M  ---------------

OS: Windows NT 6.2 Build 9200 

CPU:total 8 (8 cores per cpu, 2 threads per core) family 6 model 58 stepping 9, cmov, cx8, fxsr, mmx, sse, sse2, sse3, ssse3, sse4.1, sse4.2, ht

Memory: 4k page, physical 8271464k(2175692k free), swap 11314432k(3255336k free)

vm_info: Java HotSpot(TM) 64-Bit Server VM (14.3-b01) for windows-amd64 JRE (1.6.0_17-b04), built on Oct 11 2009 00:46:08 by "java_re" with MS VC++ 8.0

time: Wed Feb 27 18:27:22 2013
elapsed time: 284770 seconds

